<?xml version="1.0" encoding="UTF-8"?><testrun name="TestRunnerClass" project="MavenProject" tests="3" started="3" failures="0" errors="2" ignored="0">
  <testsuite name="runner.TestRunnerClass" time="35.935">
    <testsuite name="Login Page Functionality" time="35.935">
      <testcase name="Successful Login with valid credentials" classname="Login Page Functionality" time="8.321">
        <error>org.openqa.selenium.interactions.MoveTargetOutOfBoundsException: move target out of bounds: viewport size: 1272, 551
  (Session info: MicrosoftEdge=131.0.2903.112)
Build info: version: '4.27.0', revision: 'd6e718d'
System info: os.name: 'Windows 11', os.arch: 'amd64', os.version: '10.0', java.version: '23.0.1'
Driver info: org.openqa.selenium.edge.EdgeDriver
Command: [93b939c0c399d2365f9385c1bf173fe9, actions {actions=[org.openqa.selenium.interactions.Sequence@3af9aa66]}]
Capabilities {acceptInsecureCerts: false, browserName: MicrosoftEdge, browserVersion: 131.0.2903.112, fedcm:accounts: true, ms:edgeOptions: {debuggerAddress: localhost:63339}, msedge: {msedgedriverVersion: 131.0.2903.112 (16ab910a6e7..., userDataDir: C:\Users\SMUNIY~1\AppData\L...}, networkConnectionEnabled: false, pageLoadStrategy: normal, platformName: windows, proxy: Proxy(), se:cdp: ws://localhost:63339/devtoo..., se:cdpVersion: 131.0.2903.112, setWindowRect: true, strictFileInteractability: false, timeouts: {implicit: 0, pageLoad: 300000, script: 30000}, unhandledPromptBehavior: dismiss and notify, webauthn:extension:credBlob: true, webauthn:extension:largeBlob: true, webauthn:extension:minPinLength: true, webauthn:extension:prf: true, webauthn:virtualAuthenticators: true}
Session ID: 93b939c0c399d2365f9385c1bf173fe9&#13;
	at java.base/jdk.internal.reflect.DirectConstructorHandleAccessor.newInstance(DirectConstructorHandleAccessor.java:62)&#13;
	at java.base/java.lang.reflect.Constructor.newInstanceWithCaller(Constructor.java:501)&#13;
	at java.base/java.lang.reflect.Constructor.newInstance(Constructor.java:485)&#13;
	at org.openqa.selenium.remote.ErrorCodec.decode(ErrorCodec.java:167)&#13;
	at org.openqa.selenium.remote.codec.w3c.W3CHttpResponseCodec.decode(W3CHttpResponseCodec.java:138)&#13;
	at org.openqa.selenium.remote.codec.w3c.W3CHttpResponseCodec.decode(W3CHttpResponseCodec.java:50)&#13;
	at org.openqa.selenium.remote.HttpCommandExecutor.execute(HttpCommandExecutor.java:190)&#13;
	at org.openqa.selenium.remote.service.DriverCommandExecutor.invokeExecute(DriverCommandExecutor.java:216)&#13;
	at org.openqa.selenium.remote.service.DriverCommandExecutor.execute(DriverCommandExecutor.java:174)&#13;
	at org.openqa.selenium.remote.RemoteWebDriver.execute(RemoteWebDriver.java:545)&#13;
	at org.openqa.selenium.remote.RemoteWebDriver.perform(RemoteWebDriver.java:631)&#13;
	at org.openqa.selenium.interactions.Actions$BuiltAction.perform(Actions.java:613)&#13;
	at stepDef.steps.the_user_should_be_redirected_to_the_dashboard_page(steps.java:41)&#13;
	at ✽.The User should be redirected to the dashboard page(file:///C:/Users/smuniyappan2/eclipse-workspace/MavenProject/src/test/resources/LoginPage.feature:7)&#13;
&#13;
</error>
      </testcase>
      <testcase name="UnSuccessful Login with invalid credentials" classname="Login Page Functionality" time="16.718">
        <error>org.openqa.selenium.NoSuchElementException: no such element: Unable to locate element: {"method":"xpath","selector":"//p[text()='Username and password are required']"}
  (Session info: MicrosoftEdge=131.0.2903.112)
For documentation on this error, please visit: https://www.selenium.dev/documentation/webdriver/troubleshooting/errors#no-such-element-exception
Build info: version: '4.27.0', revision: 'd6e718d'
System info: os.name: 'Windows 11', os.arch: 'amd64', os.version: '10.0', java.version: '23.0.1'
Driver info: org.openqa.selenium.edge.EdgeDriver
Command: [7ed56226f3ddea219422fd9001aaf097, findElement {value=//p[text()='Username and password are required'], using=xpath}]
Capabilities {acceptInsecureCerts: false, browserName: MicrosoftEdge, browserVersion: 131.0.2903.112, fedcm:accounts: true, ms:edgeOptions: {debuggerAddress: localhost:63384}, msedge: {msedgedriverVersion: 131.0.2903.112 (16ab910a6e7..., userDataDir: C:\Users\SMUNIY~1\AppData\L...}, networkConnectionEnabled: false, pageLoadStrategy: normal, platformName: windows, proxy: Proxy(), se:cdp: ws://localhost:63384/devtoo..., se:cdpVersion: 131.0.2903.112, setWindowRect: true, strictFileInteractability: false, timeouts: {implicit: 0, pageLoad: 300000, script: 30000}, unhandledPromptBehavior: dismiss and notify, webauthn:extension:credBlob: true, webauthn:extension:largeBlob: true, webauthn:extension:minPinLength: true, webauthn:extension:prf: true, webauthn:virtualAuthenticators: true}
Session ID: 7ed56226f3ddea219422fd9001aaf097&#13;
	at java.base/jdk.internal.reflect.DirectConstructorHandleAccessor.newInstance(DirectConstructorHandleAccessor.java:62)&#13;
	at java.base/java.lang.reflect.Constructor.newInstanceWithCaller(Constructor.java:501)&#13;
	at java.base/java.lang.reflect.Constructor.newInstance(Constructor.java:485)&#13;
	at org.openqa.selenium.remote.ErrorCodec.decode(ErrorCodec.java:167)&#13;
	at org.openqa.selenium.remote.codec.w3c.W3CHttpResponseCodec.decode(W3CHttpResponseCodec.java:138)&#13;
	at org.openqa.selenium.remote.codec.w3c.W3CHttpResponseCodec.decode(W3CHttpResponseCodec.java:50)&#13;
	at org.openqa.selenium.remote.HttpCommandExecutor.execute(HttpCommandExecutor.java:190)&#13;
	at org.openqa.selenium.remote.service.DriverCommandExecutor.invokeExecute(DriverCommandExecutor.java:216)&#13;
	at org.openqa.selenium.remote.service.DriverCommandExecutor.execute(DriverCommandExecutor.java:174)&#13;
	at org.openqa.selenium.remote.RemoteWebDriver.execute(RemoteWebDriver.java:545)&#13;
	at org.openqa.selenium.remote.ElementLocation$ElementFinder$2.findElement(ElementLocation.java:165)&#13;
	at org.openqa.selenium.remote.ElementLocation.findElement(ElementLocation.java:59)&#13;
	at org.openqa.selenium.remote.RemoteWebDriver.findElement(RemoteWebDriver.java:368)&#13;
	at org.openqa.selenium.remote.RemoteWebDriver.findElement(RemoteWebDriver.java:362)&#13;
	at stepDef.steps.an_error_msg_should_be_displayed(steps.java:60)&#13;
	at ✽.An error msg should be displayed(file:///C:/Users/smuniyappan2/eclipse-workspace/MavenProject/src/test/resources/LoginPage.feature:18)&#13;
&#13;
</error>
      </testcase>
      <testcase name="Login with empty credentials" classname="Login Page Functionality" time="10.893"/>
    </testsuite>
  </testsuite>
</testrun>
